2021-09-29 13:37:28,414 INFO: 二维码获取成功，请打开京东APP扫描
2021-09-29 13:37:28,882 INFO: Code: 201, Message: 二维码未扫描，请扫描二维码
2021-09-29 13:37:30,926 INFO: Code: 201, Message: 二维码未扫描，请扫描二维码
2021-09-29 13:37:33,017 INFO: Code: 201, Message: 二维码未扫描，请扫描二维码
2021-09-29 13:37:35,061 INFO: Code: 201, Message: 二维码未扫描，请扫描二维码
2021-09-29 13:37:37,105 INFO: Code: 202, Message: 请手机客户端确认登录
2021-09-29 13:37:39,147 INFO: 已完成手机客户端确认
2021-09-29 13:37:39,503 INFO: 二维码登录成功
2021-09-29 13:37:39,634 INFO: 下单模式：['100014155722'] 任一商品有货并且未下架均会尝试下单
2021-09-29 13:37:40,147 ERROR: 查询 100014155722 库存信息发生异常, resp: jQuery9393611({"StockState":33,"area":{"townName":"","provinceName":"北京","cityName":"朝阳区","success":true,"countyName":"三环以内"},"realSkuId":100014155722,"choseSuit":[],"code":1,"err":true,"PopType":0,"ArrivalDate":null,"IsPurchase":false,"StockStateName":"有货","rn":-1}), exception: 'NoneType' object has no attribute 'get'
2021-09-29 13:37:40,149 INFO: 100014155722 不满足下单条件，5s后进行下一次查询
2021-09-29 13:37:45,264 ERROR: 查询 100014155722 库存信息发生异常, resp: jQuery1210328({"StockState":33,"area":{"townName":"","provinceName":"北京","cityName":"朝阳区","success":true,"countyName":"三环以内"},"realSkuId":100014155722,"choseSuit":[],"code":1,"err":true,"PopType":0,"ArrivalDate":null,"IsPurchase":false,"StockStateName":"有货","rn":-1}), exception: 'NoneType' object has no attribute 'get'
2021-09-29 13:37:45,264 INFO: 100014155722 不满足下单条件，5s后进行下一次查询
2021-09-29 13:37:50,377 ERROR: 查询 100014155722 库存信息发生异常, resp: jQuery1208378({"StockState":33,"area":{"townName":"","provinceName":"北京","cityName":"朝阳区","success":true,"countyName":"三环以内"},"realSkuId":100014155722,"choseSuit":[],"code":1,"err":true,"PopType":0,"ArrivalDate":null,"IsPurchase":false,"StockStateName":"有货","rn":-1}), exception: 'NoneType' object has no attribute 'get'
2021-09-29 13:37:50,377 INFO: 100014155722 不满足下单条件，5s后进行下一次查询
2021-09-29 13:37:55,528 ERROR: 查询 100014155722 库存信息发生异常, resp: jQuery9128671({"StockState":33,"area":{"townName":"","provinceName":"北京","cityName":"朝阳区","success":true,"countyName":"三环以内"},"realSkuId":100014155722,"choseSuit":[],"code":1,"err":true,"PopType":0,"ArrivalDate":null,"IsPurchase":false,"StockStateName":"有货","rn":-1}), exception: 'NoneType' object has no attribute 'get'
2021-09-29 13:37:55,528 INFO: 100014155722 不满足下单条件，5s后进行下一次查询
2021-09-29 13:38:00,641 ERROR: 查询 100014155722 库存信息发生异常, resp: jQuery1977434({"StockState":33,"area":{"townName":"","provinceName":"北京","cityName":"朝阳区","success":true,"countyName":"三环以内"},"realSkuId":100014155722,"choseSuit":[],"code":1,"err":true,"PopType":0,"ArrivalDate":null,"IsPurchase":false,"StockStateName":"有货","rn":-1}), exception: 'NoneType' object has no attribute 'get'
2021-09-29 13:38:00,642 INFO: 100014155722 不满足下单条件，5s后进行下一次查询
2021-09-29 13:38:05,822 ERROR: 查询 100014155722 库存信息发生异常, resp: jQuery1619517({"StockState":33,"area":{"townName":"","provinceName":"北京","cityName":"朝阳区","success":true,"countyName":"三环以内"},"realSkuId":100014155722,"choseSuit":[],"code":1,"err":true,"PopType":0,"ArrivalDate":null,"IsPurchase":false,"StockStateName":"有货","rn":-1}), exception: 'NoneType' object has no attribute 'get'
2021-09-29 13:38:05,823 INFO: 100014155722 不满足下单条件，5s后进行下一次查询
2021-09-29 13:38:10,978 ERROR: 查询 100014155722 库存信息发生异常, resp: jQuery6393334({"StockState":33,"area":{"townName":"","provinceName":"北京","cityName":"朝阳区","success":true,"countyName":"三环以内"},"realSkuId":100014155722,"choseSuit":[],"code":1,"err":true,"PopType":0,"ArrivalDate":null,"IsPurchase":false,"StockStateName":"有货","rn":-1}), exception: 'NoneType' object has no attribute 'get'
2021-09-29 13:38:10,978 INFO: 100014155722 不满足下单条件，5s后进行下一次查询
2021-09-29 13:38:16,095 ERROR: 查询 100014155722 库存信息发生异常, resp: jQuery2409414({"StockState":33,"area":{"townName":"","provinceName":"北京","cityName":"朝阳区","success":true,"countyName":"三环以内"},"realSkuId":100014155722,"choseSuit":[],"code":1,"err":true,"PopType":0,"ArrivalDate":null,"IsPurchase":false,"StockStateName":"有货","rn":-1}), exception: 'NoneType' object has no attribute 'get'
2021-09-29 13:38:16,095 INFO: 100014155722 不满足下单条件，5s后进行下一次查询
2021-09-29 13:38:21,205 ERROR: 查询 100014155722 库存信息发生异常, resp: jQuery6760883({"StockState":33,"area":{"townName":"","provinceName":"北京","cityName":"朝阳区","success":true,"countyName":"三环以内"},"realSkuId":100014155722,"choseSuit":[],"code":1,"err":true,"PopType":0,"ArrivalDate":null,"IsPurchase":false,"StockStateName":"有货","rn":-1}), exception: 'NoneType' object has no attribute 'get'
2021-09-29 13:38:21,206 INFO: 100014155722 不满足下单条件，5s后进行下一次查询
2021-09-29 13:38:26,329 ERROR: 查询 100014155722 库存信息发生异常, resp: jQuery7029933({"StockState":33,"area":{"townName":"","provinceName":"北京","cityName":"朝阳区","success":true,"countyName":"三环以内"},"realSkuId":100014155722,"choseSuit":[],"code":1,"err":true,"PopType":0,"ArrivalDate":null,"IsPurchase":false,"StockStateName":"有货","rn":-1}), exception: 'NoneType' object has no attribute 'get'
2021-09-29 13:38:26,329 INFO: 100014155722 不满足下单条件，5s后进行下一次查询
2021-09-29 13:38:31,465 ERROR: 查询 100014155722 库存信息发生异常, resp: jQuery6026227({"StockState":33,"area":{"townName":"","provinceName":"北京","cityName":"朝阳区","success":true,"countyName":"三环以内"},"realSkuId":100014155722,"choseSuit":[],"code":1,"err":true,"PopType":0,"ArrivalDate":null,"IsPurchase":false,"StockStateName":"有货","rn":-1}), exception: 'NoneType' object has no attribute 'get'
2021-09-29 13:38:31,465 INFO: 100014155722 不满足下单条件，5s后进行下一次查询
2021-09-29 13:38:47,356 INFO: 登录成功
2021-09-29 13:38:47,357 INFO: 下单模式：['100014155722'] 任一商品有货并且未下架均会尝试下单
2021-09-29 13:38:47,750 ERROR: 查询 100014155722 库存信息发生异常, resp: jQuery9398379({"StockState":33,"area":{"townName":"","provinceName":"北京","cityName":"朝阳区","success":true,"countyName":"三环以内"},"realSkuId":100014155722,"choseSuit":[],"code":1,"err":true,"PopType":0,"ArrivalDate":null,"IsPurchase":false,"StockStateName":"有货","rn":-1}), exception: 'NoneType' object has no attribute 'get'
2021-09-29 13:38:47,750 INFO: 100014155722 不满足下单条件，5s后进行下一次查询
2021-09-29 13:38:52,857 ERROR: 查询 100014155722 库存信息发生异常, resp: jQuery9481839({"StockState":33,"area":{"townName":"","provinceName":"北京","cityName":"朝阳区","success":true,"countyName":"三环以内"},"realSkuId":100014155722,"choseSuit":[],"code":1,"err":true,"PopType":0,"ArrivalDate":null,"IsPurchase":false,"StockStateName":"有货","rn":-1}), exception: 'NoneType' object has no attribute 'get'
2021-09-29 13:38:52,857 INFO: 100014155722 不满足下单条件，5s后进行下一次查询
2021-09-29 13:38:57,976 ERROR: 查询 100014155722 库存信息发生异常, resp: jQuery6870296({"StockState":33,"area":{"townName":"","provinceName":"北京","cityName":"朝阳区","success":true,"countyName":"三环以内"},"realSkuId":100014155722,"choseSuit":[],"code":1,"err":true,"PopType":0,"ArrivalDate":null,"IsPurchase":false,"StockStateName":"有货","rn":-1}), exception: 'NoneType' object has no attribute 'get'
2021-09-29 13:38:57,976 INFO: 100014155722 不满足下单条件，5s后进行下一次查询
2021-09-29 13:39:03,090 ERROR: 查询 100014155722 库存信息发生异常, resp: jQuery3666205({"StockState":33,"area":{"townName":"","provinceName":"北京","cityName":"朝阳区","success":true,"countyName":"三环以内"},"realSkuId":100014155722,"choseSuit":[],"code":1,"err":true,"PopType":0,"ArrivalDate":null,"IsPurchase":false,"StockStateName":"有货","rn":-1}), exception: 'NoneType' object has no attribute 'get'
2021-09-29 13:39:03,090 INFO: 100014155722 不满足下单条件，5s后进行下一次查询
2021-09-29 13:39:08,198 ERROR: 查询 100014155722 库存信息发生异常, resp: jQuery6579834({"StockState":33,"area":{"townName":"","provinceName":"北京","cityName":"朝阳区","success":true,"countyName":"三环以内"},"realSkuId":100014155722,"choseSuit":[],"code":1,"err":true,"PopType":0,"ArrivalDate":null,"IsPurchase":false,"StockStateName":"有货","rn":-1}), exception: 'NoneType' object has no attribute 'get'
2021-09-29 13:39:08,199 INFO: 100014155722 不满足下单条件，5s后进行下一次查询
2021-09-29 13:39:49,598 INFO: 登录成功
2021-09-29 13:39:49,598 INFO: 下单模式：['100014155722'] 任一商品有货并且未下架均会尝试下单
2021-09-29 13:39:50,001 ERROR: 查询 100014155722 库存信息发生异常, resp: jQuery6652641({"StockState":33,"area":{"townName":"","provinceName":"北京","cityName":"朝阳区","success":true,"countyName":"三环以内"},"realSkuId":100014155722,"choseSuit":[],"code":1,"err":true,"PopType":0,"ArrivalDate":null,"IsPurchase":false,"StockStateName":"有货","rn":-1}), exception: 'NoneType' object has no attribute 'get'
2021-09-29 13:39:50,001 INFO: 100014155722 不满足下单条件，5s后进行下一次查询
2021-09-29 13:39:55,124 ERROR: 查询 100014155722 库存信息发生异常, resp: jQuery5842742({"StockState":33,"area":{"townName":"","provinceName":"北京","cityName":"朝阳区","success":true,"countyName":"三环以内"},"realSkuId":100014155722,"choseSuit":[],"code":1,"err":true,"PopType":0,"ArrivalDate":null,"IsPurchase":false,"StockStateName":"有货","rn":-1}), exception: 'NoneType' object has no attribute 'get'
2021-09-29 13:39:55,124 INFO: 100014155722 不满足下单条件，5s后进行下一次查询
2021-09-29 13:40:00,237 ERROR: 查询 100014155722 库存信息发生异常, resp: jQuery8577227({"StockState":33,"area":{"townName":"","provinceName":"北京","cityName":"朝阳区","success":true,"countyName":"三环以内"},"realSkuId":100014155722,"choseSuit":[],"code":1,"err":true,"PopType":0,"ArrivalDate":null,"IsPurchase":false,"StockStateName":"有货","rn":-1}), exception: 'NoneType' object has no attribute 'get'
2021-09-29 13:40:00,237 INFO: 100014155722 不满足下单条件，5s后进行下一次查询
2021-09-29 13:40:05,354 ERROR: 查询 100014155722 库存信息发生异常, resp: jQuery1019882({"StockState":33,"area":{"townName":"","provinceName":"北京","cityName":"朝阳区","success":true,"countyName":"三环以内"},"realSkuId":100014155722,"choseSuit":[],"code":1,"err":true,"PopType":0,"ArrivalDate":null,"IsPurchase":false,"StockStateName":"有货","rn":-1}), exception: 'NoneType' object has no attribute 'get'
2021-09-29 13:40:05,354 INFO: 100014155722 不满足下单条件，5s后进行下一次查询
2021-09-29 13:40:10,499 ERROR: 查询 100014155722 库存信息发生异常, resp: jQuery3232429({"StockState":33,"area":{"townName":"","provinceName":"北京","cityName":"朝阳区","success":true,"countyName":"三环以内"},"realSkuId":100014155722,"choseSuit":[],"code":1,"err":true,"PopType":0,"ArrivalDate":null,"IsPurchase":false,"StockStateName":"有货","rn":-1}), exception: 'NoneType' object has no attribute 'get'
2021-09-29 13:40:10,499 INFO: 100014155722 不满足下单条件，5s后进行下一次查询
2021-09-29 13:40:15,630 ERROR: 查询 100014155722 库存信息发生异常, resp: jQuery7224903({"StockState":33,"area":{"townName":"","provinceName":"北京","cityName":"朝阳区","success":true,"countyName":"三环以内"},"realSkuId":100014155722,"choseSuit":[],"code":1,"err":true,"PopType":0,"ArrivalDate":null,"IsPurchase":false,"StockStateName":"有货","rn":-1}), exception: 'NoneType' object has no attribute 'get'
2021-09-29 13:40:15,631 INFO: 100014155722 不满足下单条件，5s后进行下一次查询
2021-09-29 13:40:20,779 ERROR: 查询 100014155722 库存信息发生异常, resp: jQuery3484264({"StockState":33,"area":{"townName":"","provinceName":"北京","cityName":"朝阳区","success":true,"countyName":"三环以内"},"realSkuId":100014155722,"choseSuit":[],"code":1,"err":true,"PopType":0,"ArrivalDate":null,"IsPurchase":false,"StockStateName":"有货","rn":-1}), exception: 'NoneType' object has no attribute 'get'
2021-09-29 13:40:20,780 INFO: 100014155722 不满足下单条件，5s后进行下一次查询
2021-09-29 13:40:25,901 ERROR: 查询 100014155722 库存信息发生异常, resp: jQuery1432624({"StockState":33,"area":{"townName":"","provinceName":"北京","cityName":"朝阳区","success":true,"countyName":"三环以内"},"realSkuId":100014155722,"choseSuit":[],"code":1,"err":true,"PopType":0,"ArrivalDate":null,"IsPurchase":false,"StockStateName":"有货","rn":-1}), exception: 'NoneType' object has no attribute 'get'
2021-09-29 13:40:25,901 INFO: 100014155722 不满足下单条件，5s后进行下一次查询
2021-09-29 13:40:31,032 ERROR: 查询 100014155722 库存信息发生异常, resp: jQuery2773658({"StockState":33,"area":{"townName":"","provinceName":"北京","cityName":"朝阳区","success":true,"countyName":"三环以内"},"realSkuId":100014155722,"choseSuit":[],"code":1,"err":true,"PopType":0,"ArrivalDate":null,"IsPurchase":false,"StockStateName":"有货","rn":-1}), exception: 'NoneType' object has no attribute 'get'
2021-09-29 13:40:31,032 INFO: 100014155722 不满足下单条件，5s后进行下一次查询
2021-09-29 13:40:36,153 ERROR: 查询 100014155722 库存信息发生异常, resp: jQuery6741825({"StockState":33,"area":{"townName":"","provinceName":"北京","cityName":"朝阳区","success":true,"countyName":"三环以内"},"realSkuId":100014155722,"choseSuit":[],"code":1,"err":true,"PopType":0,"ArrivalDate":null,"IsPurchase":false,"StockStateName":"有货","rn":-1}), exception: 'NoneType' object has no attribute 'get'
2021-09-29 13:40:36,153 INFO: 100014155722 不满足下单条件，5s后进行下一次查询
2021-09-29 13:40:41,298 ERROR: 查询 100014155722 库存信息发生异常, resp: jQuery8693675({"StockState":33,"area":{"townName":"","provinceName":"北京","cityName":"朝阳区","success":true,"countyName":"三环以内"},"realSkuId":100014155722,"choseSuit":[],"code":1,"err":true,"PopType":0,"ArrivalDate":null,"IsPurchase":false,"StockStateName":"有货","rn":-1}), exception: 'NoneType' object has no attribute 'get'
2021-09-29 13:40:41,298 INFO: 100014155722 不满足下单条件，5s后进行下一次查询
2021-09-29 13:40:46,409 ERROR: 查询 100014155722 库存信息发生异常, resp: jQuery5285204({"StockState":33,"area":{"townName":"","provinceName":"北京","cityName":"朝阳区","success":true,"countyName":"三环以内"},"realSkuId":100014155722,"choseSuit":[],"code":1,"err":true,"PopType":0,"ArrivalDate":null,"IsPurchase":false,"StockStateName":"有货","rn":-1}), exception: 'NoneType' object has no attribute 'get'
2021-09-29 13:40:46,409 INFO: 100014155722 不满足下单条件，5s后进行下一次查询
2021-09-29 13:40:51,550 ERROR: 查询 100014155722 库存信息发生异常, resp: jQuery3625010({"StockState":33,"area":{"townName":"","provinceName":"北京","cityName":"朝阳区","success":true,"countyName":"三环以内"},"realSkuId":100014155722,"choseSuit":[],"code":1,"err":true,"PopType":0,"ArrivalDate":null,"IsPurchase":false,"StockStateName":"有货","rn":-1}), exception: 'NoneType' object has no attribute 'get'
2021-09-29 13:40:51,550 INFO: 100014155722 不满足下单条件，5s后进行下一次查询
2021-09-29 13:40:56,731 ERROR: 查询 100014155722 库存信息发生异常, resp: jQuery7519286({"StockState":33,"area":{"townName":"","provinceName":"北京","cityName":"朝阳区","success":true,"countyName":"三环以内"},"realSkuId":100014155722,"choseSuit":[],"code":1,"err":true,"PopType":0,"ArrivalDate":null,"IsPurchase":false,"StockStateName":"有货","rn":-1}), exception: 'NoneType' object has no attribute 'get'
2021-09-29 13:40:56,731 INFO: 100014155722 不满足下单条件，5s后进行下一次查询
2021-09-29 13:41:01,853 ERROR: 查询 100014155722 库存信息发生异常, resp: jQuery5307046({"StockState":33,"area":{"townName":"","provinceName":"北京","cityName":"朝阳区","success":true,"countyName":"三环以内"},"realSkuId":100014155722,"choseSuit":[],"code":1,"err":true,"PopType":0,"ArrivalDate":null,"IsPurchase":false,"StockStateName":"有货","rn":-1}), exception: 'NoneType' object has no attribute 'get'
2021-09-29 13:41:01,854 INFO: 100014155722 不满足下单条件，5s后进行下一次查询
2021-09-29 13:41:06,981 ERROR: 查询 100014155722 库存信息发生异常, resp: jQuery7477810({"StockState":33,"area":{"townName":"","provinceName":"北京","cityName":"朝阳区","success":true,"countyName":"三环以内"},"realSkuId":100014155722,"choseSuit":[],"code":1,"err":true,"PopType":0,"ArrivalDate":null,"IsPurchase":false,"StockStateName":"有货","rn":-1}), exception: 'NoneType' object has no attribute 'get'
2021-09-29 13:41:06,982 INFO: 100014155722 不满足下单条件，5s后进行下一次查询
2021-09-29 13:41:12,108 ERROR: 查询 100014155722 库存信息发生异常, resp: jQuery9551935({"StockState":33,"area":{"townName":"","provinceName":"北京","cityName":"朝阳区","success":true,"countyName":"三环以内"},"realSkuId":100014155722,"choseSuit":[],"code":1,"err":true,"PopType":0,"ArrivalDate":null,"IsPurchase":false,"StockStateName":"有货","rn":-1}), exception: 'NoneType' object has no attribute 'get'
2021-09-29 13:41:12,108 INFO: 100014155722 不满足下单条件，5s后进行下一次查询
2021-09-29 13:41:17,222 ERROR: 查询 100014155722 库存信息发生异常, resp: jQuery3979079({"StockState":33,"area":{"townName":"","provinceName":"北京","cityName":"朝阳区","success":true,"countyName":"三环以内"},"realSkuId":100014155722,"choseSuit":[],"code":1,"err":true,"PopType":0,"ArrivalDate":null,"IsPurchase":false,"StockStateName":"有货","rn":-1}), exception: 'NoneType' object has no attribute 'get'
2021-09-29 13:41:17,222 INFO: 100014155722 不满足下单条件，5s后进行下一次查询
2021-09-29 13:41:22,331 ERROR: 查询 100014155722 库存信息发生异常, resp: jQuery6935819({"StockState":33,"area":{"townName":"","provinceName":"北京","cityName":"朝阳区","success":true,"countyName":"三环以内"},"realSkuId":100014155722,"choseSuit":[],"code":1,"err":true,"PopType":0,"ArrivalDate":null,"IsPurchase":false,"StockStateName":"有货","rn":-1}), exception: 'NoneType' object has no attribute 'get'
2021-09-29 13:41:22,331 INFO: 100014155722 不满足下单条件，5s后进行下一次查询
2021-09-29 13:41:27,439 ERROR: 查询 100014155722 库存信息发生异常, resp: jQuery6567136({"StockState":33,"area":{"townName":"","provinceName":"北京","cityName":"朝阳区","success":true,"countyName":"三环以内"},"realSkuId":100014155722,"choseSuit":[],"code":1,"err":true,"PopType":0,"ArrivalDate":null,"IsPurchase":false,"StockStateName":"有货","rn":-1}), exception: 'NoneType' object has no attribute 'get'
2021-09-29 13:41:27,439 INFO: 100014155722 不满足下单条件，5s后进行下一次查询
2021-09-29 13:41:32,599 ERROR: 查询 100014155722 库存信息发生异常, resp: jQuery2290691({"StockState":33,"area":{"townName":"","provinceName":"北京","cityName":"朝阳区","success":true,"countyName":"三环以内"},"realSkuId":100014155722,"choseSuit":[],"code":1,"err":true,"PopType":0,"ArrivalDate":null,"IsPurchase":false,"StockStateName":"有货","rn":-1}), exception: 'NoneType' object has no attribute 'get'
2021-09-29 13:41:32,599 INFO: 100014155722 不满足下单条件，5s后进行下一次查询
2021-09-29 13:41:37,731 ERROR: 查询 100014155722 库存信息发生异常, resp: jQuery1967149({"StockState":33,"area":{"townName":"","provinceName":"北京","cityName":"朝阳区","success":true,"countyName":"三环以内"},"realSkuId":100014155722,"choseSuit":[],"code":1,"err":true,"PopType":0,"ArrivalDate":null,"IsPurchase":false,"StockStateName":"有货","rn":-1}), exception: 'NoneType' object has no attribute 'get'
2021-09-29 13:41:37,732 INFO: 100014155722 不满足下单条件，5s后进行下一次查询
2021-09-29 13:41:42,851 ERROR: 查询 100014155722 库存信息发生异常, resp: jQuery5729038({"StockState":33,"area":{"townName":"","provinceName":"北京","cityName":"朝阳区","success":true,"countyName":"三环以内"},"realSkuId":100014155722,"choseSuit":[],"code":1,"err":true,"PopType":0,"ArrivalDate":null,"IsPurchase":false,"StockStateName":"有货","rn":-1}), exception: 'NoneType' object has no attribute 'get'
2021-09-29 13:41:42,852 INFO: 100014155722 不满足下单条件，5s后进行下一次查询
2021-09-29 13:41:47,961 ERROR: 查询 100014155722 库存信息发生异常, resp: jQuery1162190({"StockState":33,"area":{"townName":"","provinceName":"北京","cityName":"朝阳区","success":true,"countyName":"三环以内"},"realSkuId":100014155722,"choseSuit":[],"code":1,"err":true,"PopType":0,"ArrivalDate":null,"IsPurchase":false,"StockStateName":"有货","rn":-1}), exception: 'NoneType' object has no attribute 'get'
2021-09-29 13:41:47,961 INFO: 100014155722 不满足下单条件，5s后进行下一次查询
2021-09-29 13:41:53,102 ERROR: 查询 100014155722 库存信息发生异常, resp: jQuery2363481({"StockState":33,"area":{"townName":"","provinceName":"北京","cityName":"朝阳区","success":true,"countyName":"三环以内"},"realSkuId":100014155722,"choseSuit":[],"code":1,"err":true,"PopType":0,"ArrivalDate":null,"IsPurchase":false,"StockStateName":"有货","rn":-1}), exception: 'NoneType' object has no attribute 'get'
2021-09-29 13:41:53,102 INFO: 100014155722 不满足下单条件，5s后进行下一次查询
2021-09-29 13:41:58,214 ERROR: 查询 100014155722 库存信息发生异常, resp: jQuery6248964({"StockState":33,"area":{"townName":"","provinceName":"北京","cityName":"朝阳区","success":true,"countyName":"三环以内"},"realSkuId":100014155722,"choseSuit":[],"code":1,"err":true,"PopType":0,"ArrivalDate":null,"IsPurchase":false,"StockStateName":"有货","rn":-1}), exception: 'NoneType' object has no attribute 'get'
2021-09-29 13:41:58,215 INFO: 100014155722 不满足下单条件，5s后进行下一次查询
2021-09-29 13:42:03,351 ERROR: 查询 100014155722 库存信息发生异常, resp: jQuery8290620({"StockState":33,"area":{"townName":"","provinceName":"北京","cityName":"朝阳区","success":true,"countyName":"三环以内"},"realSkuId":100014155722,"choseSuit":[],"code":1,"err":true,"PopType":0,"ArrivalDate":null,"IsPurchase":false,"StockStateName":"有货","rn":-1}), exception: 'NoneType' object has no attribute 'get'
2021-09-29 13:42:03,351 INFO: 100014155722 不满足下单条件，5s后进行下一次查询
2021-09-29 13:42:08,464 ERROR: 查询 100014155722 库存信息发生异常, resp: jQuery8208838({"StockState":33,"area":{"townName":"","provinceName":"北京","cityName":"朝阳区","success":true,"countyName":"三环以内"},"realSkuId":100014155722,"choseSuit":[],"code":1,"err":true,"PopType":0,"ArrivalDate":null,"IsPurchase":false,"StockStateName":"有货","rn":-1}), exception: 'NoneType' object has no attribute 'get'
2021-09-29 13:42:08,465 INFO: 100014155722 不满足下单条件，5s后进行下一次查询
2021-09-29 13:42:13,654 ERROR: 查询 100014155722 库存信息发生异常, resp: jQuery2755614({"StockState":33,"area":{"townName":"","provinceName":"北京","cityName":"朝阳区","success":true,"countyName":"三环以内"},"realSkuId":100014155722,"choseSuit":[],"code":1,"err":true,"PopType":0,"ArrivalDate":null,"IsPurchase":false,"StockStateName":"有货","rn":-1}), exception: 'NoneType' object has no attribute 'get'
2021-09-29 13:42:13,654 INFO: 100014155722 不满足下单条件，5s后进行下一次查询
2021-09-29 13:42:18,773 ERROR: 查询 100014155722 库存信息发生异常, resp: jQuery2279545({"StockState":33,"area":{"townName":"","provinceName":"北京","cityName":"朝阳区","success":true,"countyName":"三环以内"},"realSkuId":100014155722,"choseSuit":[],"code":1,"err":true,"PopType":0,"ArrivalDate":null,"IsPurchase":false,"StockStateName":"有货","rn":-1}), exception: 'NoneType' object has no attribute 'get'
2021-09-29 13:42:18,774 INFO: 100014155722 不满足下单条件，5s后进行下一次查询
2021-09-29 13:42:23,896 ERROR: 查询 100014155722 库存信息发生异常, resp: jQuery8507982({"StockState":33,"area":{"townName":"","provinceName":"北京","cityName":"朝阳区","success":true,"countyName":"三环以内"},"realSkuId":100014155722,"choseSuit":[],"code":1,"err":true,"PopType":0,"ArrivalDate":null,"IsPurchase":false,"StockStateName":"有货","rn":-1}), exception: 'NoneType' object has no attribute 'get'
2021-09-29 13:42:23,897 INFO: 100014155722 不满足下单条件，5s后进行下一次查询
2021-09-29 13:42:47,797 ERROR: 请在 config.ini 中配置 eid, fp, track_id, risk_control 参数，具体请参考 wiki-常见问题
2021-09-29 13:44:11,929 INFO: 登录成功
2021-09-29 13:44:12,120 INFO: 购物车清空成功
2021-09-29 13:44:12,321 INFO: 100014155722 x 1 已成功加入购物车
2021-09-29 13:44:12,695 INFO: 订单提交失败, 错误码：0, 返回信息：您选择的收货地址不支持当前的配送方式，请重新选择配送方式！(下单商品可能为第三方商品，将切换为普通发票进行尝试)
2021-09-29 13:44:12,695 INFO: {'overSea': False, 'orderXml': None, 'cartXml': None, 'noStockSkuIds': '', 'reqInfo': None, 'hasJxj': False, 'addedServiceList': [], 'sign': None, 'message': '您选择的收货地址不支持当前的配送方式，请重新选择配送方式！', 'pin': 'jd_71b8a9698c4ba', 'success': False, 'overseaMerge': False, 'resultCode': 0, 'addressVO': {'overseas': 0, 'address': None, 'name': '吴金荣', 'message': None, 'id': 1424947499, 'readOnly': False, 'oldAddress': False, 'mapping': False, 'gcReliability': 0, 'pin': None, 'coordType': 2, 'operateTime': None, 'showChangeJingAddressFlag': None, 'recordMark': None, 'needToUploadJicc': False, 'selected': True, 'provinceId': 2, 'cityId': 2823, 'countyId': 51974, 'townId': 0, 'consigneeId': 0, 'selectedAddressType': 0, 'paymentId': 0, 'selfPickMobile': None, 'mobile': '19821232009', 'selfPickPhone': None, 'appId': None, 'addressDetail': '上海理工大学 军工路334号 卓越楼902室 教研室', 'shipmentType': 0, 'latitude': 1000.0, 'longitude': 1000.0, 'canSelected': False, 'pickId': 0, 'pickName': None, 'mapUrl': None, 'siteType': 0, 'used': False, 'helpMessage': None, 'cabinetAvailable': True, 'limitKeyword': 0, 'specialRemark': None, 'isCod': 0, 'tipInfo': None, 'idCard': '', 'phone': '', 'email': '', 'addressType': 0, 'provinceName': '上海', 'cityName': '杨浦区', 'countyName': '城区', 'townName': '', 'addressName': '吴金荣', 'areaCode': '86', 'nameCode': None, 'postCode': '', 'giftSenderConsigneeName': None, 'giftSenderConsigneeMobile': None, 'areaName': '上海 杨浦区 城区 ', 'updateTime': '2021-09-04 11:52:00', 'gcReliabilitySource': 3, 'fullAddress': '上海杨浦区城区上海理工大学 军工路334号 卓越楼902室 教研室', 'freePay': False, 'addressDefault': True, 'selfPickAddressShuntFlag': 0, 'pickVOselected': False, 'branchId': 0, 'siteProvinceId': 0, 'siteCityId': 0, 'siteCountyId': 0, 'siteTownId': 0, 'consigneeName': None, 'pickVOname': None, 'retTag': 1, 'tagSource': 1, 'userDefinedTag': None, 'newProvinceId': 0, 'newCityId': 0, 'newCountyId': 0, 'newTownId': 0, 'newProvinceName': None, 'newCityName': None, 'newCountyName': None, 'newTownName': None, 'checkLevel': 0, 'selfPickOptimize': 0, 'optimizePickID': 0, 'pickType': 0, 'gcLng': 121.55586, 'gcLat': 31.287002, 'dataSign': 0, 'appSelfPickAddress': 0, 'associatePickId': 0, 'associateAddressId': 0, 'encryptText': None, 'certNum': None, 'addressDefaultCancel': None, 'lastOrderAddress': False, 'sendMq': 0, 'addressMapperInfoVO': {'oldCityId': 0, 'oldCountyId': 0, 'oldTownId': 0, 'processAddress': None, 'oldProvinceId': 0, 'mapping': False, 'provinceId': 0, 'cityId': 0, 'countyId': 0, 'townId': 0, 'addressDetail': None, 'provinceName': None, 'cityName': None, 'countyName': None, 'townName': None, 'fullAddress': None, 'message': None, 'resultCode': 0, 'resultFlag': True}, 'skuSupported': False, 'addressSupported': 0, 'uuid': '1011_1000035540172087296', 'relationMap': None}, 'international': False, 'msgUuid': None, 'payInfo': None, 'orderId': 0, 'orderType': 0, 'noSupportHomeServiceSkuList': None, 'purchaseSkuInfoListVO': None, 'commonStockSkuInfoList': None, 'submitSkuNum': 0, 'deductMoneyFlag': 0, 'goJumpOrderCenter': False, 'cartEmpty': False, 'scaleSkuInfoListVO': None, 'msgMobile': None, 'needCheckCode': False}
2021-09-29 13:49:05,344 INFO: 登录成功
2021-09-29 13:49:05,544 INFO: 购物车清空成功
2021-09-29 13:49:05,678 INFO: 100014155722 x 1 已成功加入购物车
2021-09-29 13:49:06,046 INFO: 订单提交失败, 错误码：0, 返回信息：您选择的收货地址不支持当前的配送方式，请重新选择配送方式！(下单商品可能为第三方商品，将切换为普通发票进行尝试)
2021-09-29 13:49:06,046 INFO: {'orderXml': None, 'cartXml': None, 'overSea': False, 'noStockSkuIds': '', 'reqInfo': None, 'hasJxj': False, 'addedServiceList': [], 'sign': None, 'pin': 'jd_71b8a9698c4ba', 'success': False, 'overseaMerge': False, 'resultCode': 0, 'addressVO': {'overseas': 0, 'newCountyId': 0, 'newTownId': 0, 'newProvinceName': None, 'newCityName': None, 'newCountyName': None, 'newTownName': None, 'checkLevel': 0, 'selfPickOptimize': 0, 'optimizePickID': 0, 'pickType': 0, 'gcLng': 121.55586, 'gcLat': 31.287002, 'dataSign': 0, 'appSelfPickAddress': 0, 'associatePickId': 0, 'associateAddressId': 0, 'encryptText': None, 'certNum': None, 'addressDefaultCancel': None, 'lastOrderAddress': False, 'sendMq': 0, 'addressMapperInfoVO': {'oldCityId': 0, 'oldCountyId': 0, 'oldTownId': 0, 'oldProvinceId': 0, 'processAddress': None, 'provinceId': 0, 'cityId': 0, 'countyId': 0, 'townId': 0, 'addressDetail': None, 'provinceName': None, 'cityName': None, 'countyName': None, 'townName': None, 'mapping': False, 'fullAddress': None, 'resultCode': 0, 'resultFlag': True, 'message': None}, 'pin': None, 'skuSupported': False, 'addressSupported': 0, 'selected': True, 'provinceId': 2, 'cityId': 2823, 'countyId': 51974, 'townId': 0, 'consigneeId': 0, 'selectedAddressType': 0, 'paymentId': 0, 'selfPickMobile': None, 'mobile': '19821232009', 'selfPickPhone': None, 'appId': None, 'addressDetail': '上海理工大学 军工路334号 卓越楼902室 教研室', 'shipmentType': 0, 'latitude': 1000.0, 'longitude': 1000.0, 'canSelected': False, 'pickId': 0, 'pickName': None, 'mapUrl': None, 'siteType': 0, 'used': False, 'helpMessage': None, 'cabinetAvailable': True, 'limitKeyword': 0, 'specialRemark': None, 'isCod': 0, 'tipInfo': None, 'idCard': '', 'phone': '', 'email': '', 'addressType': 0, 'provinceName': '上海', 'cityName': '杨浦区', 'countyName': '城区', 'townName': '', 'addressName': '吴金荣', 'areaCode': '86', 'nameCode': None, 'postCode': '', 'giftSenderConsigneeName': None, 'giftSenderConsigneeMobile': None, 'areaName': '上海 杨浦区 城区 ', 'updateTime': '2021-09-04 11:52:00', 'oldAddress': False, 'mapping': False, 'gcReliability': 0, 'gcReliabilitySource': 3, 'fullAddress': '上海杨浦区城区上海理工大学 军工路334号 卓越楼902室 教研室', 'freePay': False, 'addressDefault': True, 'selfPickAddressShuntFlag': 0, 'pickVOselected': False, 'branchId': 0, 'siteProvinceId': 0, 'siteCityId': 0, 'siteCountyId': 0, 'siteTownId': 0, 'consigneeName': None, 'pickVOname': None, 'retTag': 1, 'tagSource': 1, 'userDefinedTag': None, 'newProvinceId': 0, 'newCityId': 0, 'coordType': 2, 'operateTime': None, 'showChangeJingAddressFlag': None, 'recordMark': None, 'needToUploadJicc': False, 'address': None, 'name': '吴金荣', 'message': None, 'id': 1424947499, 'readOnly': False, 'uuid': '1011_1000036770570891264', 'relationMap': None}, 'international': False, 'msgUuid': None, 'payInfo': None, 'orderId': 0, 'orderType': 0, 'noSupportHomeServiceSkuList': None, 'purchaseSkuInfoListVO': None, 'commonStockSkuInfoList': None, 'submitSkuNum': 0, 'deductMoneyFlag': 0, 'goJumpOrderCenter': False, 'cartEmpty': False, 'scaleSkuInfoListVO': None, 'msgMobile': None, 'needCheckCode': False, 'message': '您选择的收货地址不支持当前的配送方式，请重新选择配送方式！'}
2021-09-29 13:50:11,727 INFO: 登录成功
2021-09-29 13:50:11,917 INFO: 购物车清空成功
2021-09-29 13:50:12,043 INFO: 100014155722 x 1 已成功加入购物车
2021-09-29 13:50:12,441 INFO: 订单提交失败, 错误码：0, 返回信息：您选择的收货地址不支持当前的配送方式，请重新选择配送方式！(下单商品可能为第三方商品，将切换为普通发票进行尝试)
2021-09-29 13:50:12,441 INFO: {'orderXml': None, 'overSea': False, 'addedServiceList': [], 'cartXml': None, 'noStockSkuIds': '', 'reqInfo': None, 'hasJxj': False, 'sign': None, 'pin': 'jd_71b8a9698c4ba', 'success': False, 'overseaMerge': False, 'resultCode': 0, 'addressVO': {'overseas': 0, 'pin': None, 'selfPickOptimize': 0, 'optimizePickID': 0, 'pickType': 0, 'gcLng': 121.55586, 'gcLat': 31.287002, 'dataSign': 0, 'appSelfPickAddress': 0, 'associatePickId': 0, 'associateAddressId': 0, 'encryptText': None, 'certNum': None, 'addressDefaultCancel': None, 'lastOrderAddress': False, 'sendMq': 0, 'addressMapperInfoVO': {'processAddress': None, 'oldProvinceId': 0, 'oldCityId': 0, 'oldCountyId': 0, 'oldTownId': 0, 'provinceId': 0, 'cityId': 0, 'countyId': 0, 'townId': 0, 'addressDetail': None, 'provinceName': None, 'cityName': None, 'countyName': None, 'townName': None, 'fullAddress': None, 'mapping': False, 'resultCode': 0, 'resultFlag': True, 'message': None}, 'selected': True, 'provinceId': 2, 'cityId': 2823, 'countyId': 51974, 'townId': 0, 'consigneeId': 0, 'selectedAddressType': 0, 'paymentId': 0, 'selfPickMobile': None, 'mobile': '19821232009', 'selfPickPhone': None, 'appId': None, 'addressDetail': '上海理工大学 军工路334号 卓越楼902室 教研室', 'shipmentType': 0, 'latitude': 1000.0, 'longitude': 1000.0, 'canSelected': False, 'pickId': 0, 'pickName': None, 'mapUrl': None, 'siteType': 0, 'used': False, 'helpMessage': None, 'cabinetAvailable': True, 'limitKeyword': 0, 'specialRemark': None, 'isCod': 0, 'tipInfo': None, 'idCard': '', 'phone': '', 'email': '', 'addressType': 0, 'provinceName': '上海', 'cityName': '杨浦区', 'countyName': '城区', 'townName': '', 'addressName': '吴金荣', 'areaCode': '86', 'nameCode': None, 'postCode': '', 'giftSenderConsigneeName': None, 'giftSenderConsigneeMobile': None, 'areaName': '上海 杨浦区 城区 ', 'updateTime': '2021-09-04 11:52:00', 'skuSupported': False, 'addressSupported': 0, 'gcReliability': 0, 'gcReliabilitySource': 3, 'fullAddress': '上海杨浦区城区上海理工大学 军工路334号 卓越楼902室 教研室', 'freePay': False, 'addressDefault': True, 'selfPickAddressShuntFlag': 0, 'pickVOselected': False, 'branchId': 0, 'siteProvinceId': 0, 'siteCityId': 0, 'siteCountyId': 0, 'siteTownId': 0, 'consigneeName': None, 'pickVOname': None, 'retTag': 1, 'tagSource': 1, 'userDefinedTag': None, 'newProvinceId': 0, 'newCityId': 0, 'newCountyId': 0, 'newTownId': 0, 'newProvinceName': None, 'newCityName': None, 'newCountyName': None, 'newTownName': None, 'checkLevel': 0, 'oldAddress': False, 'mapping': False, 'coordType': 2, 'operateTime': None, 'showChangeJingAddressFlag': None, 'recordMark': None, 'needToUploadJicc': False, 'address': None, 'name': '吴金荣', 'message': None, 'id': 1424947499, 'readOnly': False, 'uuid': '1011_1000037048972312576', 'relationMap': None}, 'international': False, 'msgUuid': None, 'payInfo': None, 'orderId': 0, 'orderType': 0, 'noSupportHomeServiceSkuList': None, 'purchaseSkuInfoListVO': None, 'commonStockSkuInfoList': None, 'submitSkuNum': 0, 'deductMoneyFlag': 0, 'goJumpOrderCenter': False, 'cartEmpty': False, 'scaleSkuInfoListVO': None, 'msgMobile': None, 'needCheckCode': False, 'message': '您选择的收货地址不支持当前的配送方式，请重新选择配送方式！'}
2021-09-29 13:51:56,170 INFO: 登录成功
2021-09-29 13:51:56,359 INFO: 购物车清空成功
2021-09-29 13:51:56,497 INFO: 100017547062 x 1 已成功加入购物车
2021-09-29 13:51:56,870 INFO: 订单提交失败, 错误码：0, 返回信息：您选择的收货地址不支持当前的配送方式，请重新选择配送方式！(下单商品可能为第三方商品，将切换为普通发票进行尝试)
2021-09-29 13:51:56,871 INFO: {'overSea': False, 'orderXml': None, 'cartXml': None, 'noStockSkuIds': '', 'reqInfo': None, 'hasJxj': False, 'addedServiceList': [], 'sign': None, 'needCheckCode': False, 'pin': 'jd_71b8a9698c4ba', 'success': False, 'overseaMerge': False, 'resultCode': 0, 'addressVO': {'overseas': 0, 'newTownName': None, 'checkLevel': 0, 'selfPickOptimize': 0, 'optimizePickID': 0, 'pickType': 0, 'gcLng': 121.55586, 'gcLat': 31.287002, 'dataSign': 0, 'appSelfPickAddress': 0, 'associatePickId': 0, 'associateAddressId': 0, 'encryptText': None, 'certNum': None, 'addressDefaultCancel': None, 'lastOrderAddress': False, 'sendMq': 0, 'addressMapperInfoVO': {'oldProvinceId': 0, 'processAddress': None, 'oldCityId': 0, 'oldCountyId': 0, 'oldTownId': 0, 'mapping': False, 'fullAddress': None, 'provinceId': 0, 'cityId': 0, 'countyId': 0, 'townId': 0, 'addressDetail': None, 'provinceName': None, 'cityName': None, 'countyName': None, 'townName': None, 'resultCode': 0, 'resultFlag': True, 'message': None}, 'pin': None, 'oldAddress': False, 'mapping': False, 'gcReliability': 0, 'gcReliabilitySource': 3, 'fullAddress': '上海杨浦区城区上海理工大学 军工路334号 卓越楼902室 教研室', 'freePay': False, 'addressDefault': True, 'selfPickAddressShuntFlag': 0, 'pickVOselected': False, 'branchId': 0, 'siteProvinceId': 0, 'siteCityId': 0, 'siteCountyId': 0, 'siteTownId': 0, 'consigneeName': None, 'pickVOname': None, 'retTag': 1, 'tagSource': 1, 'userDefinedTag': None, 'newProvinceId': 0, 'newCityId': 0, 'newCountyId': 0, 'newTownId': 0, 'newProvinceName': None, 'newCityName': None, 'newCountyName': None, 'selected': True, 'provinceId': 2, 'cityId': 2823, 'countyId': 51974, 'townId': 0, 'consigneeId': 0, 'selectedAddressType': 0, 'paymentId': 0, 'selfPickMobile': None, 'mobile': '19821232009', 'selfPickPhone': None, 'appId': None, 'addressDetail': '上海理工大学 军工路334号 卓越楼902室 教研室', 'shipmentType': 0, 'latitude': 1000.0, 'longitude': 1000.0, 'canSelected': False, 'pickId': 0, 'pickName': None, 'mapUrl': None, 'siteType': 0, 'used': False, 'helpMessage': None, 'cabinetAvailable': True, 'limitKeyword': 0, 'specialRemark': None, 'isCod': 0, 'tipInfo': None, 'idCard': '', 'phone': '', 'email': '', 'addressType': 0, 'provinceName': '上海', 'cityName': '杨浦区', 'countyName': '城区', 'townName': '', 'addressName': '吴金荣', 'areaCode': '86', 'nameCode': None, 'postCode': '', 'giftSenderConsigneeName': None, 'giftSenderConsigneeMobile': None, 'areaName': '上海 杨浦区 城区 ', 'updateTime': '2021-09-04 11:52:00', 'skuSupported': False, 'addressSupported': 0, 'coordType': 2, 'operateTime': None, 'showChangeJingAddressFlag': None, 'recordMark': None, 'needToUploadJicc': False, 'address': None, 'name': '吴金荣', 'message': None, 'id': 1424947499, 'readOnly': False, 'uuid': '1011_1000037487124713472', 'relationMap': None}, 'international': False, 'msgUuid': None, 'payInfo': None, 'orderId': 0, 'orderType': 0, 'noSupportHomeServiceSkuList': None, 'purchaseSkuInfoListVO': None, 'commonStockSkuInfoList': None, 'submitSkuNum': 0, 'deductMoneyFlag': 0, 'goJumpOrderCenter': False, 'cartEmpty': False, 'scaleSkuInfoListVO': None, 'msgMobile': None, 'message': '您选择的收货地址不支持当前的配送方式，请重新选择配送方式！'}
2021-09-29 13:55:08,872 INFO: 登录成功
2021-09-29 13:55:09,055 INFO: 购物车清空成功
2021-09-29 13:55:09,186 INFO: 100017547062 x 1 已成功加入购物车
2021-09-29 13:55:09,560 INFO: 订单提交失败, 错误码：0, 返回信息：您选择的收货地址不支持当前的配送方式，请重新选择配送方式！(下单商品可能为第三方商品，将切换为普通发票进行尝试)
2021-09-29 13:55:09,561 INFO: {'overSea': False, 'orderXml': None, 'cartXml': None, 'addedServiceList': [], 'noStockSkuIds': '', 'reqInfo': None, 'hasJxj': False, 'sign': None, 'pin': 'jd_71b8a9698c4ba', 'success': False, 'overseaMerge': False, 'resultCode': 0, 'addressVO': {'overseas': 0, 'pin': None, 'selected': True, 'userDefinedTag': None, 'newProvinceId': 0, 'newCityId': 0, 'newCountyId': 0, 'newTownId': 0, 'newProvinceName': None, 'newCityName': None, 'newCountyName': None, 'newTownName': None, 'checkLevel': 0, 'selfPickOptimize': 0, 'optimizePickID': 0, 'pickType': 0, 'gcLng': 121.55586, 'gcLat': 31.287002, 'dataSign': 0, 'appSelfPickAddress': 0, 'associatePickId': 0, 'associateAddressId': 0, 'encryptText': None, 'certNum': None, 'addressDefaultCancel': None, 'lastOrderAddress': False, 'sendMq': 0, 'addressMapperInfoVO': {'oldProvinceId': 0, 'processAddress': None, 'oldCityId': 0, 'oldCountyId': 0, 'oldTownId': 0, 'provinceId': 0, 'cityId': 0, 'countyId': 0, 'townId': 0, 'addressDetail': None, 'provinceName': None, 'cityName': None, 'countyName': None, 'townName': None, 'mapping': False, 'fullAddress': None, 'resultCode': 0, 'resultFlag': True, 'message': None}, 'provinceId': 2, 'cityId': 2823, 'countyId': 51974, 'townId': 0, 'consigneeId': 0, 'selectedAddressType': 0, 'paymentId': 0, 'selfPickMobile': None, 'mobile': '19821232009', 'selfPickPhone': None, 'appId': None, 'addressDetail': '上海理工大学 军工路334号 卓越楼902室 教研室', 'shipmentType': 0, 'latitude': 1000.0, 'longitude': 1000.0, 'canSelected': False, 'pickId': 0, 'pickName': None, 'mapUrl': None, 'siteType': 0, 'used': False, 'helpMessage': None, 'cabinetAvailable': True, 'limitKeyword': 0, 'specialRemark': None, 'isCod': 0, 'tipInfo': None, 'idCard': '', 'phone': '', 'email': '', 'addressType': 0, 'provinceName': '上海', 'cityName': '杨浦区', 'countyName': '城区', 'townName': '', 'addressName': '吴金荣', 'areaCode': '86', 'nameCode': None, 'postCode': '', 'giftSenderConsigneeName': None, 'giftSenderConsigneeMobile': None, 'areaName': '上海 杨浦区 城区 ', 'updateTime': '2021-09-04 11:52:00', 'coordType': 2, 'operateTime': None, 'showChangeJingAddressFlag': None, 'recordMark': None, 'needToUploadJicc': False, 'addressSupported': 0, 'skuSupported': False, 'oldAddress': False, 'mapping': False, 'gcReliability': 0, 'gcReliabilitySource': 3, 'fullAddress': '上海杨浦区城区上海理工大学 军工路334号 卓越楼902室 教研室', 'freePay': False, 'addressDefault': True, 'selfPickAddressShuntFlag': 0, 'pickVOselected': False, 'branchId': 0, 'siteProvinceId': 0, 'siteCityId': 0, 'siteCountyId': 0, 'siteTownId': 0, 'consigneeName': None, 'pickVOname': None, 'retTag': 1, 'tagSource': 1, 'address': None, 'name': '吴金荣', 'message': None, 'id': 1424947499, 'readOnly': False, 'uuid': '1011_1000038295231795215', 'relationMap': None}, 'international': False, 'msgUuid': None, 'payInfo': None, 'orderId': 0, 'orderType': 0, 'noSupportHomeServiceSkuList': None, 'purchaseSkuInfoListVO': None, 'commonStockSkuInfoList': None, 'submitSkuNum': 0, 'deductMoneyFlag': 0, 'goJumpOrderCenter': False, 'cartEmpty': False, 'scaleSkuInfoListVO': None, 'msgMobile': None, 'needCheckCode': False, 'message': '您选择的收货地址不支持当前的配送方式，请重新选择配送方式！'}
2021-09-29 13:56:52,525 INFO: 登录成功
2021-09-29 13:56:52,707 INFO: 购物车清空成功
2021-09-29 13:56:52,831 INFO: 100017547062 x 1 已成功加入购物车
2021-09-29 13:56:53,203 INFO: 订单提交失败, 错误码：0, 返回信息：您选择的收货地址不支持当前的配送方式，请重新选择配送方式！(下单商品可能为第三方商品，将切换为普通发票进行尝试)
2021-09-29 13:56:53,204 INFO: {'overSea': False, 'noStockSkuIds': '', 'reqInfo': None, 'hasJxj': False, 'addedServiceList': [], 'orderXml': None, 'cartXml': None, 'sign': None, 'message': '您选择的收货地址不支持当前的配送方式，请重新选择配送方式！', 'needCheckCode': False, 'pin': 'jd_71b8a9698c4ba', 'success': False, 'overseaMerge': False, 'resultCode': 0, 'addressVO': {'overseas': 0, 'address': None, 'name': '吴金荣', 'message': None, 'id': 1424947499, 'readOnly': False, 'oldAddress': False, 'pin': None, 'addressDefaultCancel': None, 'lastOrderAddress': False, 'sendMq': 0, 'addressMapperInfoVO': {'oldProvinceId': 0, 'processAddress': None, 'oldCityId': 0, 'oldCountyId': 0, 'oldTownId': 0, 'provinceId': 0, 'cityId': 0, 'countyId': 0, 'townId': 0, 'addressDetail': None, 'provinceName': None, 'cityName': None, 'countyName': None, 'townName': None, 'mapping': False, 'fullAddress': None, 'message': None, 'resultCode': 0, 'resultFlag': True}, 'selected': True, 'provinceId': 2, 'cityId': 2823, 'countyId': 51974, 'townId': 0, 'consigneeId': 0, 'selectedAddressType': 0, 'paymentId': 0, 'selfPickMobile': None, 'mobile': '19821232009', 'selfPickPhone': None, 'appId': None, 'addressDetail': '上海理工大学 军工路334号 卓越楼902室 教研室', 'shipmentType': 0, 'latitude': 1000.0, 'longitude': 1000.0, 'canSelected': False, 'pickId': 0, 'pickName': None, 'mapUrl': None, 'siteType': 0, 'used': False, 'helpMessage': None, 'cabinetAvailable': True, 'limitKeyword': 0, 'specialRemark': None, 'isCod': 0, 'tipInfo': None, 'idCard': '', 'phone': '', 'email': '', 'addressType': 0, 'provinceName': '上海', 'cityName': '杨浦区', 'countyName': '城区', 'townName': '', 'addressName': '吴金荣', 'areaCode': '86', 'nameCode': None, 'postCode': '', 'giftSenderConsigneeName': None, 'giftSenderConsigneeMobile': None, 'areaName': '上海 杨浦区 城区 ', 'updateTime': '2021-09-04 11:52:00', 'mapping': False, 'gcReliability': 0, 'gcReliabilitySource': 3, 'fullAddress': '上海杨浦区城区上海理工大学 军工路334号 卓越楼902室 教研室', 'freePay': False, 'addressDefault': True, 'selfPickAddressShuntFlag': 0, 'pickVOselected': False, 'branchId': 0, 'siteProvinceId': 0, 'siteCityId': 0, 'siteCountyId': 0, 'siteTownId': 0, 'consigneeName': None, 'pickVOname': None, 'retTag': 1, 'tagSource': 1, 'userDefinedTag': None, 'newProvinceId': 0, 'newCityId': 0, 'newCountyId': 0, 'newTownId': 0, 'newProvinceName': None, 'newCityName': None, 'newCountyName': None, 'addressSupported': 0, 'skuSupported': False, 'newTownName': None, 'checkLevel': 0, 'selfPickOptimize': 0, 'optimizePickID': 0, 'pickType': 0, 'gcLng': 121.55586, 'gcLat': 31.287002, 'dataSign': 0, 'appSelfPickAddress': 0, 'associatePickId': 0, 'associateAddressId': 0, 'encryptText': None, 'certNum': None, 'coordType': 2, 'operateTime': None, 'showChangeJingAddressFlag': None, 'recordMark': None, 'needToUploadJicc': False, 'uuid': '1011_1000038729975709712', 'relationMap': None}, 'international': False, 'msgUuid': None, 'payInfo': None, 'orderId': 0, 'orderType': 0, 'noSupportHomeServiceSkuList': None, 'purchaseSkuInfoListVO': None, 'commonStockSkuInfoList': None, 'submitSkuNum': 0, 'deductMoneyFlag': 0, 'goJumpOrderCenter': False, 'cartEmpty': False, 'scaleSkuInfoListVO': None, 'msgMobile': None}
2021-09-29 13:59:07,358 INFO: 登录成功
2021-09-29 13:59:07,572 INFO: 购物车清空成功
2021-09-29 13:59:07,717 INFO: 100017547062 x 1 已成功加入购物车
2021-09-29 13:59:08,048 INFO: 订单提交失败, 错误码：0, 返回信息：您选择的收货地址不支持当前的配送方式，请重新选择配送方式！(下单商品可能为第三方商品，将切换为普通发票进行尝试)
2021-09-29 13:59:08,048 INFO: {'overSea': False, 'orderXml': None, 'cartXml': None, 'noStockSkuIds': '', 'reqInfo': None, 'hasJxj': False, 'addedServiceList': [], 'sign': None, 'needCheckCode': False, 'pin': 'jd_71b8a9698c4ba', 'success': False, 'overseaMerge': False, 'resultCode': 0, 'addressVO': {'overseas': 0, 'newProvinceId': 0, 'newCityId': 0, 'newCountyId': 0, 'newTownId': 0, 'newProvinceName': None, 'newCityName': None, 'newCountyName': None, 'newTownName': None, 'checkLevel': 0, 'selfPickOptimize': 0, 'optimizePickID': 0, 'pickType': 0, 'gcLng': 121.55586, 'gcLat': 31.287002, 'dataSign': 0, 'appSelfPickAddress': 0, 'associatePickId': 0, 'associateAddressId': 0, 'encryptText': None, 'certNum': None, 'addressDefaultCancel': None, 'lastOrderAddress': False, 'sendMq': 0, 'addressMapperInfoVO': {'oldProvinceId': 0, 'processAddress': None, 'oldCityId': 0, 'oldCountyId': 0, 'oldTownId': 0, 'mapping': False, 'fullAddress': None, 'provinceId': 0, 'cityId': 0, 'countyId': 0, 'townId': 0, 'addressDetail': None, 'provinceName': None, 'cityName': None, 'countyName': None, 'townName': None, 'resultCode': 0, 'resultFlag': True, 'message': None}, 'oldAddress': False, 'mapping': False, 'gcReliability': 0, 'gcReliabilitySource': 3, 'fullAddress': '上海杨浦区城区上海理工大学 军工路334号 卓越楼902室 教研室', 'freePay': False, 'addressDefault': True, 'selfPickAddressShuntFlag': 0, 'pickVOselected': False, 'branchId': 0, 'siteProvinceId': 0, 'siteCityId': 0, 'siteCountyId': 0, 'siteTownId': 0, 'consigneeName': None, 'pickVOname': None, 'retTag': 1, 'tagSource': 1, 'userDefinedTag': None, 'skuSupported': False, 'addressSupported': 0, 'pin': None, 'selected': True, 'provinceId': 2, 'cityId': 2823, 'countyId': 51974, 'townId': 0, 'consigneeId': 0, 'selectedAddressType': 0, 'paymentId': 0, 'selfPickMobile': None, 'mobile': '19821232009', 'selfPickPhone': None, 'appId': None, 'addressDetail': '上海理工大学 军工路334号 卓越楼902室 教研室', 'shipmentType': 0, 'latitude': 1000.0, 'longitude': 1000.0, 'canSelected': False, 'pickId': 0, 'pickName': None, 'mapUrl': None, 'siteType': 0, 'used': False, 'helpMessage': None, 'cabinetAvailable': True, 'limitKeyword': 0, 'specialRemark': None, 'isCod': 0, 'tipInfo': None, 'idCard': '', 'phone': '', 'email': '', 'addressType': 0, 'provinceName': '上海', 'cityName': '杨浦区', 'countyName': '城区', 'townName': '', 'addressName': '吴金荣', 'areaCode': '86', 'nameCode': None, 'postCode': '', 'giftSenderConsigneeName': None, 'giftSenderConsigneeMobile': None, 'areaName': '上海 杨浦区 城区 ', 'updateTime': '2021-09-04 11:52:00', 'showChangeJingAddressFlag': None, 'coordType': 2, 'operateTime': None, 'recordMark': None, 'needToUploadJicc': False, 'address': None, 'name': '吴金荣', 'message': None, 'id': 1424947499, 'readOnly': False, 'uuid': '1011_1000039295713320968', 'relationMap': None}, 'international': False, 'msgUuid': None, 'payInfo': None, 'orderId': 0, 'orderType': 0, 'noSupportHomeServiceSkuList': None, 'purchaseSkuInfoListVO': None, 'commonStockSkuInfoList': None, 'submitSkuNum': 0, 'deductMoneyFlag': 0, 'goJumpOrderCenter': False, 'cartEmpty': False, 'scaleSkuInfoListVO': None, 'msgMobile': None, 'message': '您选择的收货地址不支持当前的配送方式，请重新选择配送方式！'}
